<?xml version="1.0" encoding="UTF-8"?>
<!-- Generated by org.testng.reporters.JUnitReportReporter -->
<testsuite hostname="LAPTOP-CD8JOBST" failures="0" tests="1" name="DDT_Package.ReadingDataFromJSONTest" time="0.025" errors="0" timestamp="2022-04-19T13:12:09 IST" skipped="0">
  <testcase classname="DDT_Package.ReadingDataFromJSONTest" name="readingDataFromJSONTest" time="0.025"/>
  <system-out/>
</testsuite> <!-- DDT_Package.ReadingDataFromJSONTest -->
