<?xml version="1.0" encoding="UTF-8"?>
<!-- Generated by org.testng.reporters.JUnitReportReporter -->
<testsuite hostname="LAPTOP-CD8JOBST" failures="0" tests="1" name="JDBC_Practice.ExecuteQueryTest" time="0.434" errors="0" timestamp="2022-04-19T16:39:34 IST" skipped="0">
  <testcase classname="JDBC_Practice.ExecuteQueryTest" name="executeQueryTest" time="0.434"/>
  <system-out/>
</testsuite> <!-- JDBC_Practice.ExecuteQueryTest -->
