<?xml version="1.0" encoding="UTF-8"?>
<!-- Generated by org.testng.reporters.JUnitReportReporter -->
<testsuite hostname="LAPTOP-CD8JOBST" failures="0" tests="1" name="com.crm.vtiger.TestCases.Opportunities_TC_001" time="62.398" errors="0" timestamp="2022-04-29T18:28:56 IST" skipped="0">
  <testcase classname="com.crm.vtiger.TestCases.Opportunities_TC_001" name="BrowserLaunch" time="62.398"/>
  <system-out/>
</testsuite> <!-- com.crm.vtiger.TestCases.Opportunities_TC_001 -->
