<?xml version="1.0" encoding="UTF-8"?>
<!-- Generated by org.testng.reporters.JUnitReportReporter -->
<testsuite hostname="LAPTOP-CD8JOBST" failures="0" tests="1" name="com.vtiger.Generic.TestData" time="58.936" errors="0" timestamp="2022-04-25T15:52:40 IST" skipped="0">
  <testcase classname="com.vtiger.Generic.TestData" name="firstName" time="58.936"/>
  <system-out/>
</testsuite> <!-- com.vtiger.Generic.TestData -->
