<?xml version="1.0" encoding="UTF-8"?>
<!-- Generated by org.testng.reporters.JUnitReportReporter -->
<testsuite hostname="LAPTOP-CD8JOBST" failures="0" tests="1" name="DDT_Package.ReadingDataFromPropertyTest" time="0.015" errors="0" timestamp="2022-04-14T17:43:02 IST" skipped="0">
  <testcase classname="DDT_Package.ReadingDataFromPropertyTest" name="readingDataFromPropertyTest" time="0.015"/>
  <system-out/>
</testsuite> <!-- DDT_Package.ReadingDataFromPropertyTest -->
