<?xml version="1.0" encoding="UTF-8"?>
<!-- Generated by org.testng.reporters.JUnitReportReporter -->
<testsuite hostname="LAPTOP-CD8JOBST" failures="0" tests="4" name="com.Daily_Practice.DataProvider1" time="94.565" errors="0" timestamp="2022-04-29T12:30:56 IST" skipped="0">
  <testcase classname="com.Daily_Practice.DataProvider1" name="travel" time="21.546"/>
  <system-out/>
  <testcase classname="com.Daily_Practice.DataProvider1" name="travel" time="24.276"/>
  <system-out/>
  <testcase classname="com.Daily_Practice.DataProvider1" name="travel" time="27.529"/>
  <system-out/>
  <testcase classname="com.Daily_Practice.DataProvider1" name="travel" time="21.214"/>
  <system-out/>
</testsuite> <!-- com.Daily_Practice.DataProvider1 -->
