<?xml version="1.0" encoding="UTF-8"?>
<!-- Generated by org.testng.reporters.JUnitReportReporter -->
<testsuite hostname="LAPTOP-CD8JOBST" failures="0" tests="3" name="com.vtiger.Generic.BaseTest" time="0.035" errors="0" timestamp="2022-06-04T23:06:04 IST" skipped="0">
  <testcase classname="com.vtiger.Generic.BaseTest" name="TholiPrema" time="0.014"/>
  <system-out/>
  <testcase classname="com.vtiger.Generic.BaseTest" name="Srikanth" time="0.016"/>
  <system-out/>
  <testcase classname="com.vtiger.Generic.BaseTest" name="PawanKalyan" time="0.005"/>
  <system-out/>
</testsuite> <!-- com.vtiger.Generic.BaseTest -->
