<?xml version="1.0" encoding="UTF-8"?>
<!-- Generated by org.testng.reporters.JUnitReportReporter -->
<testsuite hostname="LAPTOP-CD8JOBST" failures="0" tests="1" name="DDT_Package.ReadingDataFromXMLTest" time="0.013" errors="0" timestamp="2022-04-18T10:10:29 IST" skipped="0">
  <testcase classname="DDT_Package.ReadingDataFromXMLTest" name="readingDataFromXMLTest" time="0.013"/>
  <system-out/>
</testsuite> <!-- DDT_Package.ReadingDataFromXMLTest -->
