<?xml version="1.0" encoding="UTF-8"?>
<!-- Generated by org.testng.reporters.JUnitReportReporter -->
<testsuite hostname="LAPTOP-CD8JOBST" failures="0" tests="1" name="com.vtiger.Generic.Faker_TestCase_05_Test" time="57.661" errors="0" timestamp="2022-04-25T17:43:46 IST" skipped="0">
  <testcase classname="com.vtiger.Generic.Faker_TestCase_05_Test" name="firstName" time="57.661"/>
  <system-out/>
</testsuite> <!-- com.vtiger.Generic.Faker_TestCase_05_Test -->
