<?xml version="1.0" encoding="UTF-8"?>
<!-- Generated by org.testng.reporters.JUnitReportReporter -->
<testsuite hostname="LAPTOP-CD8JOBST" failures="0" tests="1" name="DDT_Package.ReadingDataFromXLTest" time="3.061" errors="0" timestamp="2022-04-18T10:11:02 IST" skipped="0">
  <testcase classname="DDT_Package.ReadingDataFromXLTest" name="ReadingDataFromXLTest" time="3.061"/>
  <system-out/>
</testsuite> <!-- DDT_Package.ReadingDataFromXLTest -->
